# JRE version: OpenJDK Runtime Environment Temurin-21.0.3+9 (21.0.3+9) (build 21.0.3+9-LTS)
# Java VM: OpenJDK 64-Bit Server VM Temurin-21.0.3+9 (21.0.3+9-LTS, mixed mode, emulated-client, tiered, compressed oops, compressed class ptrs, g1 gc, windows-amd64)
GC Precious Log:
 CardTable entry size: 512
 Card Set container configuration: InlinePtr #cards 4 size 8 Array Of Cards #cards 16 size 48 Howl #buckets 8 coarsen threshold 3686 Howl Bitmap #cards 512 size 80 coarsen threshold 460 Card regions per heap region 1 cards per card region 4096
 CPUs: 12 total, 12 available
 Memory: 16289M
 Large Page Support: Disabled
 NUMA Support: Disabled
 Compressed Oops: Enabled (Zero based)
 Heap Region Size: 2M
 Heap Min Capacity: 8M
 Heap Initial Capacity: 256M
 Heap Max Capacity: 4074M
 Pre-touch: Disabled
 Parallel Workers: 10
 Concurrent Workers: 3
 Concurrent Refinement Workers: 10
 Periodic GC: Disabled
Heap:
 garbage-first heap   total 122880K, used 101144K [0x0000000701600000, 0x0000000800000000)
  region size 2048K, 32 young (65536K), 3 survivors (6144K)
 Metaspace       used 101297K, committed 102528K, reserved 1179648K
  class space    used 13693K, committed 14208K, reserved 1048576K
GC Heap History (20 events):
Event: 4701.513 GC heap after
{Heap after GC invocations=65 (full 3):
 garbage-first heap   total 124928K, used 50971K [0x0000000701600000, 0x0000000800000000)
  region size 2048K, 2 young (4096K), 2 survivors (4096K)
 Metaspace       used 101368K, committed 102336K, reserved 1179648K
  class space    used 13751K, committed 14208K, reserved 1048576K
}
Event: 4857.976 GC heap before
{Heap before GC invocations=65 (full 3):
 garbage-first heap   total 124928K, used 106267K [0x0000000701600000, 0x0000000800000000)
  region size 2048K, 30 young (61440K), 2 survivors (4096K)
 Metaspace       used 101371K, committed 102336K, reserved 1179648K
  class space    used 13752K, committed 14208K, reserved 1048576K
}
Event: 4858.018 GC heap after
{Heap after GC invocations=66 (full 4):
 garbage-first heap   total 122880K, used 32156K [0x0000000701600000, 0x0000000800000000)
  region size 2048K, 0 young (0K), 0 survivors (0K)
 Metaspace       used 100278K, committed 101888K, reserved 1179648K
  class space    used 13575K, committed 14208K, reserved 1048576K
}
Event: 4861.466 GC heap before
{Heap before GC invocations=66 (full 4):
 garbage-first heap   total 122880K, used 101788K [0x0000000701600000, 0x0000000800000000)
  region size 2048K, 35 young (71680K), 0 survivors (0K)
 Metaspace       used 100688K, committed 101888K, reserved 1179648K
  class space    used 13646K, committed 14208K, reserved 1048576K
}
Event: 4861.469 GC heap after
{Heap after GC invocations=67 (full 4):
 garbage-first heap   total 122880K, used 38988K [0x0000000701600000, 0x0000000800000000)
  region size 2048K, 4 young (8192K), 4 survivors (8192K)
 Metaspace       used 100688K, committed 101888K, reserved 1179648K
  class space    used 13646K, committed 14208K, reserved 1048576K
}
Event: 4861.958 GC heap before
{Heap before GC invocations=68 (full 4):
 garbage-first heap   total 122880K, used 102476K [0x0000000701600000, 0x0000000800000000)
  region size 2048K, 35 young (71680K), 4 survivors (8192K)
 Metaspace       used 101424K, committed 102336K, reserved 1179648K
  class space    used 13735K, committed 14208K, reserved 1048576K
}
Event: 4861.962 GC heap after
{Heap after GC invocations=69 (full 4):
 garbage-first heap   total 122880K, used 46198K [0x0000000701600000, 0x0000000800000000)
  region size 2048K, 4 young (8192K), 4 survivors (8192K)
 Metaspace       used 101424K, committed 102336K, reserved 1179648K
  class space    used 13735K, committed 14208K, reserved 1048576K
}
Event: 4869.718 GC heap before
{Heap before GC invocations=69 (full 4):
 garbage-first heap   total 122880K, used 64630K [0x0000000701600000, 0x0000000800000000)
  region size 2048K, 14 young (28672K), 4 survivors (8192K)
 Metaspace       used 101732K, committed 102656K, reserved 1179648K
  class space    used 13770K, committed 14208K, reserved 1048576K
}
Event: 4869.764 GC heap after
{Heap after GC invocations=70 (full 5):
 garbage-first heap   total 122880K, used 36327K [0x0000000701600000, 0x0000000800000000)
  region size 2048K, 0 young (0K), 0 survivors (0K)
 Metaspace       used 100535K, committed 102080K, reserved 1179648K
  class space    used 13632K, committed 14208K, reserved 1048576K
}
Event: 4871.850 GC heap before
{Heap before GC invocations=70 (full 5):
 garbage-first heap   total 122880K, used 97767K [0x0000000701600000, 0x0000000800000000)
  region size 2048K, 31 young (63488K), 0 survivors (0K)
 Metaspace       used 100830K, committed 102080K, reserved 1179648K
  class space    used 13672K, committed 14208K, reserved 1048576K
}
Event: 4871.852 GC heap after
{Heap after GC invocations=71 (full 5):
 garbage-first heap   total 122880K, used 41732K [0x0000000701600000, 0x0000000800000000)
  region size 2048K, 3 young (6144K), 3 survivors (6144K)
 Metaspace       used 100830K, committed 102080K, reserved 1179648K
  class space    used 13672K, committed 14208K, reserved 1048576K
}
Event: 4872.255 GC heap before
{Heap before GC invocations=72 (full 5):
 garbage-first heap   total 122880K, used 101124K [0x0000000701600000, 0x0000000800000000)
  region size 2048K, 32 young (65536K), 3 survivors (6144K)
 Metaspace       used 101421K, committed 102464K, reserved 1179648K
  class space    used 13723K, committed 14208K, reserved 1048576K
}
Event: 4872.259 GC heap after
{Heap after GC invocations=73 (full 5):
 garbage-first heap   total 122880K, used 46228K [0x0000000701600000, 0x0000000800000000)
  region size 2048K, 3 young (6144K), 3 survivors (6144K)
 Metaspace       used 101421K, committed 102464K, reserved 1179648K
  class space    used 13723K, committed 14208K, reserved 1048576K
}
Event: 4968.183 GC heap before
{Heap before GC invocations=73 (full 5):
 garbage-first heap   total 122880K, used 99476K [0x0000000701600000, 0x0000000800000000)
  region size 2048K, 29 young (59392K), 3 survivors (6144K)
 Metaspace       used 101613K, committed 102528K, reserved 1179648K
  class space    used 13736K, committed 14208K, reserved 1048576K
}
Event: 4968.186 GC heap after
{Heap after GC invocations=74 (full 5):
 garbage-first heap   total 122880K, used 47674K [0x0000000701600000, 0x0000000800000000)
  region size 2048K, 1 young (2048K), 1 survivors (2048K)
 Metaspace       used 101613K, committed 102528K, reserved 1179648K
  class space    used 13736K, committed 14208K, reserved 1048576K
}
Event: 5022.687 GC heap before
{Heap before GC invocations=74 (full 5):
 garbage-first heap   total 122880K, used 68154K [0x0000000701600000, 0x0000000800000000)
  region size 2048K, 12 young (24576K), 1 survivors (2048K)
 Metaspace       used 101617K, committed 102528K, reserved 1179648K
  class space    used 13737K, committed 14208K, reserved 1048576K
}
Event: 5022.734 GC heap after
{Heap after GC invocations=75 (full 6):
 garbage-first heap   total 122880K, used 35130K [0x0000000701600000, 0x0000000800000000)
  region size 2048K, 0 young (0K), 0 survivors (0K)
 Metaspace       used 100285K, committed 102528K, reserved 1179648K
  class space    used 13567K, committed 14208K, reserved 1048576K
}
Event: 5025.687 GC heap before
{Heap before GC invocations=75 (full 6):
 garbage-first heap   total 122880K, used 100666K [0x0000000701600000, 0x0000000800000000)
  region size 2048K, 33 young (67584K), 0 survivors (0K)
 Metaspace       used 100695K, committed 102528K, reserved 1179648K
  class space    used 13637K, committed 14208K, reserved 1048576K
}
Event: 5025.690 GC heap after
{Heap after GC invocations=76 (full 6):
 garbage-first heap   total 122880K, used 41752K [0x0000000701600000, 0x0000000800000000)
  region size 2048K, 4 young (8192K), 4 survivors (8192K)
 Metaspace       used 100695K, committed 102528K, reserved 1179648K
  class space    used 13637K, committed 14208K, reserved 1048576K
}
Event: 5081.399 GC heap before
{Heap before GC invocations=77 (full 6):
 garbage-first heap   total 122880K, used 101144K [0x0000000701600000, 0x0000000800000000)
  region size 2048K, 33 young (67584K), 4 survivors (8192K)
 Metaspace       used 101297K, committed 102528K, reserved 1179648K
  class space    used 13693K, committed 14208K, reserved 1048576K
}

